<?xml version="1.0" encoding="UTF-8"?>
<!-- Generated by org.testng.reporters.JUnitReportReporter -->
<testsuite hostname="DESKTOP-2JTSPE5" failures="0" tests="1" name="Testcases.TestCase1" time="0.012" errors="0" timestamp="2023-05-29T11:05:35 CDT" skipped="0">
  <testcase classname="Testcases.TestCase1" name="doLogin" time="0.012"/>
  <system-out/>
</testsuite> <!-- Testcases.TestCase1 -->
